2026-01-21T11:49:55+00:00 MAIL ERROR: SMTP Error: Could not authenticate. | EX: SMTP Error: Could not authenticate.
2026-01-21T11:49:55+00:00 ForgotPassword send failed for tshering17942340@gmail.com
2026-04-03T10:13:41+00:00 MAIL ERROR: SMTP Error: Could not authenticate. | EX: SMTP Error: Could not authenticate.
2026-04-03T10:13:41+00:00 ForgotPassword send failed for ring8771@gmail.com
2026-04-03T10:14:59+00:00 MAIL ERROR: SMTP Error: Could not authenticate. | EX: SMTP Error: Could not authenticate.
2026-04-03T10:14:59+00:00 ForgotPassword send failed for tshering.business@gmail.com
2026-04-05T04:45:49+00:00 MAIL CONFIG ERROR: MAIL_USERNAME or MAIL_PASSWORD is not set.
2026-04-05T10:38:54+00:00 MAIL CONFIG ERROR: MAIL_USERNAME or MAIL_PASSWORD is not set.
2026-04-05T10:43:19+00:00 MAIL CONFIG ERROR: MAIL_USERNAME or MAIL_PASSWORD is not set.
2026-04-07T00:28:30+00:00 MAIL ERROR: SMTP Error: Could not connect to SMTP host. Failed to connect to server SMTP server error: Failed to connect to server SMTP code: 60 Additional SMTP info: Operation timed out | EX: SMTP Error: Could not connect to SMTP host. Failed to connect to server
2026-04-07T00:35:43+00:00 MAIL ERROR: SMTP Error: Could not connect to SMTP host. Failed to connect to server SMTP server error: Failed to connect to server SMTP code: 60 Additional SMTP info: Operation timed out | EX: SMTP Error: Could not connect to SMTP host. Failed to connect to server
2026-04-07T00:51:59+00:00 MAIL ERROR: SMTP Error: Could not connect to SMTP host. Failed to connect to server SMTP server error: Failed to connect to server SMTP code: 60 Additional SMTP info: Operation timed out | EX: SMTP Error: Could not connect to SMTP host. Failed to connect to server
2026-04-07T01:22:44+00:00 MAIL ERROR: SMTP Error: Could not connect to SMTP host. Failed to connect to server SMTP server error: Failed to connect to server SMTP code: 60 Additional SMTP info: Operation timed out | EX: SMTP Error: Could not connect to SMTP host. Failed to connect to server
2026-04-07T01:25:42+00:00 MAIL ERROR: SMTP Error: Could not connect to SMTP host. Failed to connect to server SMTP server error: Failed to connect to server SMTP code: 60 Additional SMTP info: Operation timed out | EX: SMTP Error: Could not connect to SMTP host. Failed to connect to server
2026-04-07T04:16:52+00:00 MAIL ERROR: SMTP Error: Could not authenticate. | EX: SMTP Error: Could not authenticate.
2026-04-07T04:24:08+00:00 MAIL ERROR: SMTP Error: Could not authenticate. | EX: SMTP Error: Could not authenticate.
2026-04-07T10:13:59+00:00 ADMIN MAIL OK: student registration notify to tsheringkoney@gmail.com for child Ugyen Pema
2026-04-07T10:48:20+00:00 ADMIN MAIL OK: enrolment notify to tsheringkoney@gmail.com for child Ugyen Pema
2026-04-07T22:52:00+00:00 ADMIN MAIL OK: student registration notify to tsheringkoney@gmail.com for child Norbu Lhadon
2026-04-07T22:54:51+00:00 ADMIN MAIL OK: enrolment notify to tsheringkoney@gmail.com for child Norbu Lhadon
2026-04-07T23:00:30+00:00 ADMIN MAIL OK: enrolment notify to tsheringkoney@gmail.com for child Tshering Phuntsho
2026-04-08T05:15:24+00:00 ADMIN MAIL OK: absence notify to tsheringkoney@gmail.com for child Tshering Phuntsho
2026-04-08T05:25:43+00:00 ADMIN MAIL OK: absence notify to tsheringkoney@gmail.com for child Tshering Phuntsho
